<html>
<head>
<title>TestNG:  Default test</title>
<link href="../testng.css" rel="stylesheet" type="text/css" />
<link href="../my-testng.css" rel="stylesheet" type="text/css" />

<style type="text/css">
.log { display: none;} 
.stack-trace { display: none;} 
</style>
<script type="text/javascript">
<!--
function flip(e) {
  current = e.style.display;
  if (current == 'block') {
    e.style.display = 'none';
    return 0;
  }
  else {
    e.style.display = 'block';
    return 1;
  }
}

function toggleBox(szDivId, elem, msg1, msg2)
{
  var res = -1;  if (document.getElementById) {
    res = flip(document.getElementById(szDivId));
  }
  else if (document.all) {
    // this is the way old msie versions work
    res = flip(document.all[szDivId]);
  }
  if(elem) {
    if(res == 0) elem.innerHTML = msg1; else elem.innerHTML = msg2;
  }

}

function toggleAllBoxes() {
  if (document.getElementsByTagName) {
    d = document.getElementsByTagName('div');
    for (i = 0; i < d.length; i++) {
      if (d[i].className == 'log') {
        flip(d[i]);
      }
    }
  }
}

// -->
</script>

</head>
<body>
<h2 align='center'>Default test</h2><table border='1' align="center">
<tr>
<td>Tests passed/Failed/Skipped:</td><td>8/1/0</td>
</tr><tr>
<td>Started on:</td><td>Tue Sep 17 17:43:52 EDT 2024</td>
</tr>
<tr><td>Total time:</td><td>384 seconds (384942 ms)</td>
</tr><tr>
<td>Included groups:</td><td></td>
</tr><tr>
<td>Excluded groups:</td><td></td>
</tr>
</table><p/>
<small><i>(Hover the method name to see the test class name)</i></small><p/>
<table width='100%' border='1' class='invocation-failed'>
<tr><td colspan='4' align='center'><b>FAILED TESTS</b></td></tr>
<tr><td><b>Test method</b></td>
<td width="30%"><b>Exception</b></td>
<td width="10%"><b>Time (seconds)</b></td>
<td><b>Instance</b></td>
</tr>
<tr>
<td title='com.fidelis.runners.RegressionTest.runScenario()'><b>runScenario</b><br>Test class: com.fidelis.runners.RegressionTest<br>Test method: Runs Cucumber Scenarios<br>Parameters: "Verify FidelisCare Shop For A Plan page details", "FidelisCare Shop For A Plan Page feature"</td>
<td><div><pre>org.openqa.selenium.NoSuchElementException: Unable to find element with locator By.xpath: //div[contains(text(),&apos;Dual Advantage&apos;)]
For documentation on this error, please visit: https://www.selenium.dev/documentation/webdriver/troubleshooting/errors#no-such-element-exception
Build info: version: &apos;4.22.0&apos;, revision: &apos;c5f3146703*&apos;
System info: os.name: &apos;Windows 11&apos;, os.arch: &apos;amd64&apos;, os.version: &apos;10.0&apos;, java.version: &apos;19&apos;
Driver info: driver.version: RemoteWebDriver
	at org.openqa.selenium.remote.ElementLocation$ElementFinder$2.findElement(ElementLocation.java:168)
	at org.openqa.selenium.remote.ElementLocation.findElement(ElementLocation.java:59)
	at org.openqa.selenium.remote.RemoteWebDriver.findElement(RemoteWebDriver.java:355)
	at org.openqa.selenium.remote.RemoteWebDriver.findElement(RemoteWebDriver.java:349)
	at org.openqa.selenium.support.pagefactory.DefaultElementLocator.findElement(DefaultElementLocator.java:68)
	at org.openqa.selenium.support.pagefactory.internal.LocatingElementHandler.invoke(LocatingElementHandler.java:38)
	at jdk.proxy2/jdk.proxy2.$Proxy27.click(Unknown Source)
	at com.fidelis.pages.ShopForAPlanPage.clickOnDualAdvantage(ShopForAPlanPage.java:54)
	at com.fidelis.steps.StepDefinition.click_on_dual_advantage(StepDefinition.java:343)
	at ✽.click on dual advantage(file:///C:/Users/mdrhm/OneDrive/Desktop/OSA0820202325A/BDD_Cucumber_FidelisCare_Project/src/test/java/com/fidelis/features/ShopForAPlanPage.feature:15)
</pre></div><a href='#' onClick='toggleBox("stack-trace1528574692", this, "Click to show all stack frames", "Click to hide stack frames")'>Click to show all stack frames</a>
<div class='stack-trace' id='stack-trace1528574692'><pre>org.openqa.selenium.NoSuchElementException: Unable to find element with locator By.xpath: //div[contains(text(),&apos;Dual Advantage&apos;)]
For documentation on this error, please visit: https://www.selenium.dev/documentation/webdriver/troubleshooting/errors#no-such-element-exception
Build info: version: &apos;4.22.0&apos;, revision: &apos;c5f3146703*&apos;
System info: os.name: &apos;Windows 11&apos;, os.arch: &apos;amd64&apos;, os.version: &apos;10.0&apos;, java.version: &apos;19&apos;
Driver info: driver.version: RemoteWebDriver
	at org.openqa.selenium.remote.ElementLocation$ElementFinder$2.findElement(ElementLocation.java:168)
	at org.openqa.selenium.remote.ElementLocation.findElement(ElementLocation.java:59)
	at org.openqa.selenium.remote.RemoteWebDriver.findElement(RemoteWebDriver.java:355)
	at org.openqa.selenium.remote.RemoteWebDriver.findElement(RemoteWebDriver.java:349)
	at org.openqa.selenium.support.pagefactory.DefaultElementLocator.findElement(DefaultElementLocator.java:68)
	at org.openqa.selenium.support.pagefactory.internal.LocatingElementHandler.invoke(LocatingElementHandler.java:38)
	at jdk.proxy2/jdk.proxy2.$Proxy27.click(Unknown Source)
	at com.fidelis.pages.ShopForAPlanPage.clickOnDualAdvantage(ShopForAPlanPage.java:54)
	at com.fidelis.steps.StepDefinition.click_on_dual_advantage(StepDefinition.java:343)
	at ✽.click on dual advantage(file:///C:/Users/mdrhm/OneDrive/Desktop/OSA0820202325A/BDD_Cucumber_FidelisCare_Project/src/test/java/com/fidelis/features/ShopForAPlanPage.feature:15)
</pre></div></td>
<td>64</td>
<td>com.fidelis.runners.RegressionTest@6b927fb</td></tr>
</table><p>
<table width='100%' border='1' class='invocation-passed'>
<tr><td colspan='4' align='center'><b>PASSED TESTS</b></td></tr>
<tr><td><b>Test method</b></td>
<td width="30%"><b>Exception</b></td>
<td width="10%"><b>Time (seconds)</b></td>
<td><b>Instance</b></td>
</tr>
<tr>
<td title='com.fidelis.runners.RegressionTest.runScenario()'><b>runScenario</b><br>Test class: com.fidelis.runners.RegressionTest<br>Test method: Runs Cucumber Scenarios<br>Parameters: "Verify FidelisCare home page title", "FidelisCare Home Page feature"</td>
<td></td>
<td>24</td>
<td>com.fidelis.runners.RegressionTest@6b927fb</td></tr>
<tr>
<td title='com.fidelis.runners.RegressionTest.runScenario()'><b>runScenario</b><br>Test class: com.fidelis.runners.RegressionTest<br>Test method: Runs Cucumber Scenarios<br>Parameters: "Verify FidelisCare login is working or not", "FidelisCare login validation"</td>
<td></td>
<td>39</td>
<td>com.fidelis.runners.RegressionTest@6b927fb</td></tr>
<tr>
<td title='com.fidelis.runners.RegressionTest.runScenario()'><b>runScenario</b><br>Test class: com.fidelis.runners.RegressionTest<br>Test method: Runs Cucumber Scenarios<br>Parameters: "Verify FidelisCare login is working or not", "FidelisCare login validation"</td>
<td></td>
<td>39</td>
<td>com.fidelis.runners.RegressionTest@6b927fb</td></tr>
<tr>
<td title='com.fidelis.runners.RegressionTest.runScenario()'><b>runScenario</b><br>Test class: com.fidelis.runners.RegressionTest<br>Test method: Runs Cucumber Scenarios<br>Parameters: "Verify FidelisCare login is working or not", "FidelisCare login validation"</td>
<td></td>
<td>38</td>
<td>com.fidelis.runners.RegressionTest@6b927fb</td></tr>
<tr>
<td title='com.fidelis.runners.RegressionTest.runScenario()'><b>runScenario</b><br>Test class: com.fidelis.runners.RegressionTest<br>Test method: Runs Cucumber Scenarios<br>Parameters: "Verify FidelisCare  member page login credential", "FidelisCare Member Page feature"</td>
<td></td>
<td>66</td>
<td>com.fidelis.runners.RegressionTest@6b927fb</td></tr>
<tr>
<td title='com.fidelis.runners.RegressionTest.runScenario()'><b>runScenario</b><br>Test class: com.fidelis.runners.RegressionTest<br>Test method: Runs Cucumber Scenarios<br>Parameters: "Verify  login page is working or not", "FidelisCare member portal page testing info"</td>
<td></td>
<td>40</td>
<td>com.fidelis.runners.RegressionTest@6b927fb</td></tr>
<tr>
<td title='com.fidelis.runners.RegressionTest.runScenario()'><b>runScenario</b><br>Test class: com.fidelis.runners.RegressionTest<br>Test method: Runs Cucumber Scenarios<br>Parameters: "Verify  login page is working or not", "FidelisCare member portal page testing info"</td>
<td></td>
<td>37</td>
<td>com.fidelis.runners.RegressionTest@6b927fb</td></tr>
<tr>
<td title='com.fidelis.runners.RegressionTest.runScenario()'><b>runScenario</b><br>Test class: com.fidelis.runners.RegressionTest<br>Test method: Runs Cucumber Scenarios<br>Parameters: "Verify FidelisCare Providers Page Login Credential", "FidelisCare Providers Page feature"</td>
<td></td>
<td>31</td>
<td>com.fidelis.runners.RegressionTest@6b927fb</td></tr>
</table><p>
</body>
</html>